Array
(
    [serviceType] => Food Court License
    [name] => chandrajit yadav
    [email] => visheshyadavkool2002@gmail.com
    [phone] => 8421731316
    [location] => Mumbai
    [message] => yughj
)
Array
(
    [serviceType] => Food Court License
    [name] => chandrajit yadav
    [email] => visheshyadavkool2002@gmail.com
    [phone] => 8421731316
    [location] => Mumbai
    [message] => yughj
)
Array
(
    [serviceType] => Food Court License
    [name] => chandrajit yadav
    [email] => visheshyadavkool2002@gmail.com
    [phone] => 8421731316
    [location] => Mumbai
    [message] => yughj
)
